{"C:\\Users\\Anas\\Downloads\\TrackYourParcel\\TrackYourParcel\\src\\app.js": {"path":"C:\\Users\\Anas\\Downloads\\TrackYourParcel\\TrackYourParcel\\src\\app.js","statementMap":{"0":{"start":{"line":4,"column":0},"end":{"line":4,"column":16}},"1":{"start":{"line":9,"column":12},"end":{"line":9,"column":21}},"2":{"start":{"line":11,"column":0},"end":{"line":11,"column":24}},"3":{"start":{"line":13,"column":0},"end":{"line":13,"column":23}},"4":{"start":{"line":15,"column":0},"end":{"line":15,"column":15}},"5":{"start":{"line":17,"column":0},"end":{"line":17,"column":22}}},"fnMap":{},"branchMap":{},"s":{"0":2,"1":2,"2":2,"3":2,"4":2,"5":2},"f":{},"b":{},"_coverageSchema":"1a1c01bbd47fc00a2c39e90264f33305004495a9","hash":"709652d495757a255368f1305c311c34feb36c7e"}
,"C:\\Users\\Anas\\Downloads\\TrackYourParcel\\TrackYourParcel\\src\\controllers\\index.js": {"path":"C:\\Users\\Anas\\Downloads\\TrackYourParcel\\TrackYourParcel\\src\\controllers\\index.js","statementMap":{"0":{"start":{"line":3,"column":16},"end":{"line":6,"column":1}},"1":{"start":{"line":5,"column":4},"end":{"line":5,"column":33}}},"fnMap":{"0":{"name":"(anonymous_0)","decl":{"start":{"line":3,"column":16},"end":{"line":3,"column":17}},"loc":{"start":{"line":3,"column":23},"end":{"line":6,"column":1}},"line":3}},"branchMap":{},"s":{"0":2,"1":2},"f":{"0":2},"b":{},"_coverageSchema":"1a1c01bbd47fc00a2c39e90264f33305004495a9","hash":"5996f8e5671fd5e6fdf359947024ea91544590ec"}
,"C:\\Users\\Anas\\Downloads\\TrackYourParcel\\TrackYourParcel\\src\\controllers\\userController.js": {"path":"C:\\Users\\Anas\\Downloads\\TrackYourParcel\\TrackYourParcel\\src\\controllers\\userController.js","statementMap":{"0":{"start":{"line":6,"column":15},"end":{"line":6,"column":31}},"1":{"start":{"line":7,"column":19},"end":{"line":18,"column":1}},"2":{"start":{"line":9,"column":4},"end":{"line":16,"column":5}},"3":{"start":{"line":10,"column":22},"end":{"line":10,"column":41}},"4":{"start":{"line":11,"column":8},"end":{"line":11,"column":36}},"5":{"start":{"line":14,"column":8},"end":{"line":14,"column":37}},"6":{"start":{"line":20,"column":23},"end":{"line":32,"column":1}},"7":{"start":{"line":22,"column":4},"end":{"line":30,"column":5}},"8":{"start":{"line":23,"column":19},"end":{"line":23,"column":32}},"9":{"start":{"line":24,"column":21},"end":{"line":24,"column":42}},"10":{"start":{"line":25,"column":8},"end":{"line":25,"column":35}},"11":{"start":{"line":28,"column":8},"end":{"line":28,"column":37}},"12":{"start":{"line":34,"column":20},"end":{"line":48,"column":1}},"13":{"start":{"line":35,"column":4},"end":{"line":45,"column":5}},"14":{"start":{"line":36,"column":21},"end":{"line":36,"column":29}},"15":{"start":{"line":37,"column":21},"end":{"line":37,"column":41}},"16":{"start":{"line":38,"column":8},"end":{"line":38,"column":39}},"17":{"start":{"line":41,"column":8},"end":{"line":41,"column":36}},"18":{"start":{"line":43,"column":8},"end":{"line":43,"column":37}},"19":{"start":{"line":49,"column":19},"end":{"line":59,"column":1}},"20":{"start":{"line":50,"column":4},"end":{"line":58,"column":5}},"21":{"start":{"line":51,"column":21},"end":{"line":51,"column":29}},"22":{"start":{"line":52,"column":21},"end":{"line":52,"column":39}},"23":{"start":{"line":53,"column":8},"end":{"line":53,"column":39}},"24":{"start":{"line":56,"column":8},"end":{"line":56,"column":37}},"25":{"start":{"line":61,"column":22},"end":{"line":73,"column":1}},"26":{"start":{"line":62,"column":4},"end":{"line":72,"column":5}},"27":{"start":{"line":64,"column":19},"end":{"line":64,"column":32}},"28":{"start":{"line":65,"column":8},"end":{"line":65,"column":29}},"29":{"start":{"line":66,"column":8},"end":{"line":66,"column":45}},"30":{"start":{"line":70,"column":8},"end":{"line":70,"column":37}},"31":{"start":{"line":75,"column":0},"end":{"line":75,"column":28}},"32":{"start":{"line":76,"column":0},"end":{"line":76,"column":35}},"33":{"start":{"line":77,"column":0},"end":{"line":77,"column":79}},"34":{"start":{"line":78,"column":0},"end":{"line":78,"column":28}},"35":{"start":{"line":79,"column":0},"end":{"line":79,"column":37}},"36":{"start":{"line":82,"column":18},"end":{"line":85,"column":1}},"37":{"start":{"line":84,"column":4},"end":{"line":84,"column":30}}},"fnMap":{"0":{"name":"(anonymous_0)","decl":{"start":{"line":7,"column":19},"end":{"line":7,"column":20}},"loc":{"start":{"line":7,"column":45},"end":{"line":18,"column":1}},"line":7},"1":{"name":"(anonymous_1)","decl":{"start":{"line":20,"column":23},"end":{"line":20,"column":24}},"loc":{"start":{"line":20,"column":49},"end":{"line":32,"column":1}},"line":20},"2":{"name":"(anonymous_2)","decl":{"start":{"line":34,"column":20},"end":{"line":34,"column":21}},"loc":{"start":{"line":34,"column":46},"end":{"line":48,"column":1}},"line":34},"3":{"name":"(anonymous_3)","decl":{"start":{"line":49,"column":19},"end":{"line":49,"column":20}},"loc":{"start":{"line":49,"column":45},"end":{"line":59,"column":1}},"line":49},"4":{"name":"(anonymous_4)","decl":{"start":{"line":61,"column":22},"end":{"line":61,"column":23}},"loc":{"start":{"line":61,"column":48},"end":{"line":73,"column":1}},"line":61},"5":{"name":"(anonymous_5)","decl":{"start":{"line":82,"column":18},"end":{"line":82,"column":19}},"loc":{"start":{"line":82,"column":27},"end":{"line":85,"column":1}},"line":82}},"branchMap":{},"s":{"0":2,"1":2,"2":0,"3":0,"4":0,"5":0,"6":2,"7":0,"8":0,"9":0,"10":0,"11":0,"12":2,"13":0,"14":0,"15":0,"16":0,"17":0,"18":0,"19":2,"20":1,"21":1,"22":1,"23":1,"24":0,"25":2,"26":0,"27":0,"28":0,"29":0,"30":0,"31":2,"32":2,"33":2,"34":2,"35":2,"36":2,"37":2},"f":{"0":0,"1":0,"2":0,"3":1,"4":0,"5":2},"b":{},"_coverageSchema":"1a1c01bbd47fc00a2c39e90264f33305004495a9","hash":"0466a65770a18ce7f76f57f15984d87cf2a3fa8f"}
,"C:\\Users\\Anas\\Downloads\\TrackYourParcel\\TrackYourParcel\\src\\middlewares\\index.js": {"path":"C:\\Users\\Anas\\Downloads\\TrackYourParcel\\TrackYourParcel\\src\\middlewares\\index.js","statementMap":{"0":{"start":{"line":3,"column":28},"end":{"line":16,"column":1}},"1":{"start":{"line":4,"column":15},"end":{"line":4,"column":18}},"2":{"start":{"line":5,"column":4},"end":{"line":8,"column":5}},"3":{"start":{"line":6,"column":8},"end":{"line":6,"column":29}},"4":{"start":{"line":9,"column":24},"end":{"line":9,"column":55}},"5":{"start":{"line":10,"column":4},"end":{"line":15,"column":7}},"6":{"start":{"line":18,"column":29},"end":{"line":26,"column":1}},"7":{"start":{"line":19,"column":24},"end":{"line":19,"column":55}},"8":{"start":{"line":20,"column":4},"end":{"line":23,"column":5}},"9":{"start":{"line":21,"column":8},"end":{"line":21,"column":46}},"10":{"start":{"line":22,"column":8},"end":{"line":22,"column":56}},"11":{"start":{"line":24,"column":4},"end":{"line":24,"column":47}},"12":{"start":{"line":25,"column":4},"end":{"line":25,"column":18}},"13":{"start":{"line":27,"column":32},"end":{"line":39,"column":1}},"14":{"start":{"line":28,"column":4},"end":{"line":38,"column":5}},"15":{"start":{"line":29,"column":23},"end":{"line":29,"column":41}},"16":{"start":{"line":30,"column":24},"end":{"line":30,"column":44}},"17":{"start":{"line":31,"column":8},"end":{"line":33,"column":9}},"18":{"start":{"line":32,"column":12},"end":{"line":32,"column":26}},"19":{"start":{"line":34,"column":28},"end":{"line":34,"column":40}},"20":{"start":{"line":35,"column":25},"end":{"line":35,"column":54}},"21":{"start":{"line":35,"column":44},"end":{"line":35,"column":53}},"22":{"start":{"line":36,"column":20},"end":{"line":36,"column":38}},"23":{"start":{"line":37,"column":8},"end":{"line":37,"column":34}}},"fnMap":{"0":{"name":"(anonymous_0)","decl":{"start":{"line":3,"column":28},"end":{"line":3,"column":29}},"loc":{"start":{"line":3,"column":59},"end":{"line":16,"column":1}},"line":3},"1":{"name":"(anonymous_1)","decl":{"start":{"line":18,"column":29},"end":{"line":18,"column":30}},"loc":{"start":{"line":18,"column":55},"end":{"line":26,"column":1}},"line":18},"2":{"name":"(anonymous_2)","decl":{"start":{"line":27,"column":32},"end":{"line":27,"column":33}},"loc":{"start":{"line":27,"column":46},"end":{"line":39,"column":1}},"line":27},"3":{"name":"(anonymous_3)","decl":{"start":{"line":28,"column":11},"end":{"line":28,"column":12}},"loc":{"start":{"line":28,"column":31},"end":{"line":38,"column":5}},"line":28},"4":{"name":"(anonymous_4)","decl":{"start":{"line":35,"column":37},"end":{"line":35,"column":38}},"loc":{"start":{"line":35,"column":44},"end":{"line":35,"column":53}},"line":35}},"branchMap":{"0":{"loc":{"start":{"line":5,"column":4},"end":{"line":8,"column":5}},"type":"if","locations":[{"start":{"line":5,"column":4},"end":{"line":8,"column":5}},{"start":{},"end":{}}],"line":5},"1":{"loc":{"start":{"line":20,"column":4},"end":{"line":23,"column":5}},"type":"if","locations":[{"start":{"line":20,"column":4},"end":{"line":23,"column":5}},{"start":{},"end":{}}],"line":20},"2":{"loc":{"start":{"line":31,"column":8},"end":{"line":33,"column":9}},"type":"if","locations":[{"start":{"line":31,"column":8},"end":{"line":33,"column":9}},{"start":{},"end":{}}],"line":31}},"s":{"0":2,"1":0,"2":0,"3":0,"4":0,"5":0,"6":2,"7":2,"8":2,"9":2,"10":2,"11":2,"12":2,"13":2,"14":2,"15":0,"16":0,"17":0,"18":0,"19":0,"20":0,"21":0,"22":0,"23":0},"f":{"0":0,"1":2,"2":2,"3":0,"4":0},"b":{"0":[0,0],"1":[2,0],"2":[0,0]},"_coverageSchema":"1a1c01bbd47fc00a2c39e90264f33305004495a9","hash":"e9c6fe9cf84ad375092c6db4eccb8d7a09cecfd2"}
,"C:\\Users\\Anas\\Downloads\\TrackYourParcel\\TrackYourParcel\\src\\models\\index.js": {"path":"C:\\Users\\Anas\\Downloads\\TrackYourParcel\\TrackYourParcel\\src\\models\\index.js","statementMap":{"0":{"start":{"line":2,"column":15},"end":{"line":2,"column":21}}},"fnMap":{},"branchMap":{},"s":{"0":2},"f":{},"b":{},"_coverageSchema":"1a1c01bbd47fc00a2c39e90264f33305004495a9","hash":"7b459d9fa0d96eb2d8faadf6d2b78cd70c02b69f"}
,"C:\\Users\\Anas\\Downloads\\TrackYourParcel\\TrackYourParcel\\src\\models\\user.js": {"path":"C:\\Users\\Anas\\Downloads\\TrackYourParcel\\TrackYourParcel\\src\\models\\user.js","statementMap":{"0":{"start":{"line":4,"column":19},"end":{"line":9,"column":1}},"1":{"start":{"line":11,"column":13},"end":{"line":11,"column":47}}},"fnMap":{},"branchMap":{},"s":{"0":2,"1":2},"f":{},"b":{},"_coverageSchema":"1a1c01bbd47fc00a2c39e90264f33305004495a9","hash":"97fdcd65f464b300dfdf82b1d73f7afbb9864753"}
,"C:\\Users\\Anas\\Downloads\\TrackYourParcel\\TrackYourParcel\\src\\models\\view-models\\index.js": {"path":"C:\\Users\\Anas\\Downloads\\TrackYourParcel\\TrackYourParcel\\src\\models\\view-models\\index.js","statementMap":{"0":{"start":{"line":3,"column":26},"end":{"line":3,"column":58}}},"fnMap":{},"branchMap":{},"s":{"0":2},"f":{},"b":{},"_coverageSchema":"1a1c01bbd47fc00a2c39e90264f33305004495a9","hash":"28406be78a61c5d91b5086fdebe4a419192b31b5"}
,"C:\\Users\\Anas\\Downloads\\TrackYourParcel\\TrackYourParcel\\src\\models\\view-models\\user-view-model.js": {"path":"C:\\Users\\Anas\\Downloads\\TrackYourParcel\\TrackYourParcel\\src\\models\\view-models\\user-view-model.js","statementMap":{"0":{"start":{"line":2,"column":15},"end":{"line":4,"column":2}},"1":{"start":{"line":5,"column":24},"end":{"line":11,"column":1}},"2":{"start":{"line":6,"column":19},"end":{"line":6,"column":40}},"3":{"start":{"line":7,"column":4},"end":{"line":7,"column":31}},"4":{"start":{"line":8,"column":4},"end":{"line":8,"column":24}},"5":{"start":{"line":9,"column":4},"end":{"line":9,"column":18}}},"fnMap":{"0":{"name":"(anonymous_0)","decl":{"start":{"line":5,"column":24},"end":{"line":5,"column":25}},"loc":{"start":{"line":5,"column":34},"end":{"line":11,"column":1}},"line":5}},"branchMap":{},"s":{"0":2,"1":2,"2":0,"3":0,"4":0,"5":0},"f":{"0":0},"b":{},"_coverageSchema":"1a1c01bbd47fc00a2c39e90264f33305004495a9","hash":"9e8b83e50057e340afedd78d75c7a05b61e9d26c"}
,"C:\\Users\\Anas\\Downloads\\TrackYourParcel\\TrackYourParcel\\src\\utils\\errors.js": {"path":"C:\\Users\\Anas\\Downloads\\TrackYourParcel\\TrackYourParcel\\src\\utils\\errors.js","statementMap":{"0":{"start":{"line":3,"column":8},"end":{"line":3,"column":16}},"1":{"start":{"line":4,"column":8},"end":{"line":4,"column":31}},"2":{"start":{"line":6,"column":16},"end":{"line":6,"column":27}},"3":{"start":{"line":11,"column":8},"end":{"line":11,"column":23}},"4":{"start":{"line":12,"column":8},"end":{"line":12,"column":33}},"5":{"start":{"line":14,"column":16},"end":{"line":14,"column":27}},"6":{"start":{"line":19,"column":8},"end":{"line":19,"column":23}},"7":{"start":{"line":20,"column":8},"end":{"line":20,"column":32}},"8":{"start":{"line":22,"column":16},"end":{"line":22,"column":27}}},"fnMap":{"0":{"name":"(anonymous_0)","decl":{"start":{"line":2,"column":4},"end":{"line":2,"column":5}},"loc":{"start":{"line":2,"column":25},"end":{"line":5,"column":5}},"line":2},"1":{"name":"(anonymous_1)","decl":{"start":{"line":6,"column":4},"end":{"line":6,"column":5}},"loc":{"start":{"line":6,"column":14},"end":{"line":6,"column":29}},"line":6},"2":{"name":"(anonymous_2)","decl":{"start":{"line":10,"column":4},"end":{"line":10,"column":5}},"loc":{"start":{"line":10,"column":25},"end":{"line":13,"column":5}},"line":10},"3":{"name":"(anonymous_3)","decl":{"start":{"line":14,"column":4},"end":{"line":14,"column":5}},"loc":{"start":{"line":14,"column":14},"end":{"line":14,"column":29}},"line":14},"4":{"name":"(anonymous_4)","decl":{"start":{"line":18,"column":4},"end":{"line":18,"column":5}},"loc":{"start":{"line":18,"column":25},"end":{"line":21,"column":5}},"line":18},"5":{"name":"(anonymous_5)","decl":{"start":{"line":22,"column":4},"end":{"line":22,"column":5}},"loc":{"start":{"line":22,"column":14},"end":{"line":22,"column":29}},"line":22}},"branchMap":{},"s":{"0":0,"1":0,"2":0,"3":0,"4":0,"5":0,"6":0,"7":0,"8":0},"f":{"0":0,"1":0,"2":0,"3":0,"4":0,"5":0},"b":{},"_coverageSchema":"1a1c01bbd47fc00a2c39e90264f33305004495a9","hash":"a5cfb7432001b93e0197d47384432ecd6d4de5d2"}
}
