{"C:\\Users\\Anas\\Downloads\\TrackYourParcel\\TrackYourParcel\\src\\app.js": {"path":"C:\\Users\\Anas\\Downloads\\TrackYourParcel\\TrackYourParcel\\src\\app.js","statementMap":{"0":{"start":{"line":4,"column":0},"end":{"line":4,"column":16}},"1":{"start":{"line":9,"column":12},"end":{"line":9,"column":21}},"2":{"start":{"line":11,"column":0},"end":{"line":11,"column":24}},"3":{"start":{"line":13,"column":0},"end":{"line":13,"column":23}},"4":{"start":{"line":15,"column":0},"end":{"line":15,"column":15}},"5":{"start":{"line":17,"column":0},"end":{"line":17,"column":22}}},"fnMap":{},"branchMap":{},"s":{"0":2,"1":2,"2":2,"3":2,"4":2,"5":2},"f":{},"b":{},"_coverageSchema":"1a1c01bbd47fc00a2c39e90264f33305004495a9","hash":"709652d495757a255368f1305c311c34feb36c7e"}
,"C:\\Users\\Anas\\Downloads\\TrackYourParcel\\TrackYourParcel\\src\\controllers\\index.js": {"path":"C:\\Users\\Anas\\Downloads\\TrackYourParcel\\TrackYourParcel\\src\\controllers\\index.js","statementMap":{"0":{"start":{"line":3,"column":16},"end":{"line":6,"column":1}},"1":{"start":{"line":5,"column":4},"end":{"line":5,"column":33}}},"fnMap":{"0":{"name":"(anonymous_0)","decl":{"start":{"line":3,"column":16},"end":{"line":3,"column":17}},"loc":{"start":{"line":3,"column":23},"end":{"line":6,"column":1}},"line":3}},"branchMap":{},"s":{"0":2,"1":2},"f":{"0":2},"b":{},"_coverageSchema":"1a1c01bbd47fc00a2c39e90264f33305004495a9","hash":"5996f8e5671fd5e6fdf359947024ea91544590ec"}
,"C:\\Users\\Anas\\Downloads\\TrackYourParcel\\TrackYourParcel\\src\\controllers\\userController.js": {"path":"C:\\Users\\Anas\\Downloads\\TrackYourParcel\\TrackYourParcel\\src\\controllers\\userController.js","statementMap":{"0":{"start":{"line":6,"column":15},"end":{"line":6,"column":31}},"1":{"start":{"line":7,"column":19},"end":{"line":18,"column":1}},"2":{"start":{"line":9,"column":4},"end":{"line":16,"column":5}},"3":{"start":{"line":10,"column":22},"end":{"line":10,"column":41}},"4":{"start":{"line":11,"column":8},"end":{"line":11,"column":36}},"5":{"start":{"line":14,"column":8},"end":{"line":14,"column":37}},"6":{"start":{"line":19,"column":20},"end":{"line":33,"column":1}},"7":{"start":{"line":20,"column":4},"end":{"line":30,"column":5}},"8":{"start":{"line":21,"column":21},"end":{"line":21,"column":29}},"9":{"start":{"line":22,"column":21},"end":{"line":22,"column":41}},"10":{"start":{"line":23,"column":8},"end":{"line":23,"column":39}},"11":{"start":{"line":26,"column":8},"end":{"line":26,"column":34}},"12":{"start":{"line":28,"column":8},"end":{"line":28,"column":37}},"13":{"start":{"line":34,"column":19},"end":{"line":44,"column":1}},"14":{"start":{"line":35,"column":4},"end":{"line":43,"column":5}},"15":{"start":{"line":36,"column":21},"end":{"line":36,"column":29}},"16":{"start":{"line":37,"column":21},"end":{"line":37,"column":39}},"17":{"start":{"line":38,"column":8},"end":{"line":38,"column":39}},"18":{"start":{"line":41,"column":8},"end":{"line":41,"column":37}},"19":{"start":{"line":46,"column":22},"end":{"line":58,"column":1}},"20":{"start":{"line":47,"column":4},"end":{"line":57,"column":5}},"21":{"start":{"line":49,"column":19},"end":{"line":49,"column":32}},"22":{"start":{"line":50,"column":8},"end":{"line":50,"column":29}},"23":{"start":{"line":51,"column":8},"end":{"line":51,"column":45}},"24":{"start":{"line":55,"column":8},"end":{"line":55,"column":37}},"25":{"start":{"line":60,"column":0},"end":{"line":60,"column":28}},"26":{"start":{"line":61,"column":0},"end":{"line":61,"column":78}},"27":{"start":{"line":62,"column":0},"end":{"line":62,"column":28}},"28":{"start":{"line":63,"column":0},"end":{"line":63,"column":37}},"29":{"start":{"line":65,"column":18},"end":{"line":68,"column":1}},"30":{"start":{"line":67,"column":5},"end":{"line":67,"column":31}}},"fnMap":{"0":{"name":"(anonymous_0)","decl":{"start":{"line":7,"column":19},"end":{"line":7,"column":20}},"loc":{"start":{"line":7,"column":45},"end":{"line":18,"column":1}},"line":7},"1":{"name":"(anonymous_1)","decl":{"start":{"line":19,"column":20},"end":{"line":19,"column":21}},"loc":{"start":{"line":19,"column":46},"end":{"line":33,"column":1}},"line":19},"2":{"name":"(anonymous_2)","decl":{"start":{"line":34,"column":19},"end":{"line":34,"column":20}},"loc":{"start":{"line":34,"column":45},"end":{"line":44,"column":1}},"line":34},"3":{"name":"(anonymous_3)","decl":{"start":{"line":46,"column":22},"end":{"line":46,"column":23}},"loc":{"start":{"line":46,"column":48},"end":{"line":58,"column":1}},"line":46},"4":{"name":"(anonymous_4)","decl":{"start":{"line":65,"column":18},"end":{"line":65,"column":19}},"loc":{"start":{"line":65,"column":27},"end":{"line":68,"column":1}},"line":65}},"branchMap":{},"s":{"0":2,"1":2,"2":1,"3":1,"4":1,"5":0,"6":2,"7":0,"8":0,"9":0,"10":0,"11":0,"12":0,"13":2,"14":0,"15":0,"16":0,"17":0,"18":0,"19":2,"20":0,"21":0,"22":0,"23":0,"24":0,"25":2,"26":2,"27":2,"28":2,"29":2,"30":2},"f":{"0":1,"1":0,"2":0,"3":0,"4":2},"b":{},"_coverageSchema":"1a1c01bbd47fc00a2c39e90264f33305004495a9","hash":"0ac66d8b54c749fd9f2cea0c0a2f69f8ae168ad2"}
,"C:\\Users\\Anas\\Downloads\\TrackYourParcel\\TrackYourParcel\\src\\middlewares\\index.js": {"path":"C:\\Users\\Anas\\Downloads\\TrackYourParcel\\TrackYourParcel\\src\\middlewares\\index.js","statementMap":{"0":{"start":{"line":3,"column":28},"end":{"line":16,"column":1}},"1":{"start":{"line":4,"column":15},"end":{"line":4,"column":18}},"2":{"start":{"line":5,"column":4},"end":{"line":8,"column":5}},"3":{"start":{"line":6,"column":8},"end":{"line":6,"column":29}},"4":{"start":{"line":9,"column":24},"end":{"line":9,"column":55}},"5":{"start":{"line":10,"column":4},"end":{"line":15,"column":7}},"6":{"start":{"line":18,"column":29},"end":{"line":26,"column":1}},"7":{"start":{"line":19,"column":24},"end":{"line":19,"column":55}},"8":{"start":{"line":20,"column":4},"end":{"line":23,"column":5}},"9":{"start":{"line":21,"column":8},"end":{"line":21,"column":46}},"10":{"start":{"line":22,"column":8},"end":{"line":22,"column":56}},"11":{"start":{"line":24,"column":4},"end":{"line":24,"column":47}},"12":{"start":{"line":25,"column":4},"end":{"line":25,"column":18}},"13":{"start":{"line":27,"column":32},"end":{"line":39,"column":1}},"14":{"start":{"line":28,"column":4},"end":{"line":38,"column":5}},"15":{"start":{"line":29,"column":23},"end":{"line":29,"column":41}},"16":{"start":{"line":30,"column":24},"end":{"line":30,"column":44}},"17":{"start":{"line":31,"column":8},"end":{"line":33,"column":9}},"18":{"start":{"line":32,"column":12},"end":{"line":32,"column":26}},"19":{"start":{"line":34,"column":28},"end":{"line":34,"column":40}},"20":{"start":{"line":35,"column":25},"end":{"line":35,"column":54}},"21":{"start":{"line":35,"column":44},"end":{"line":35,"column":53}},"22":{"start":{"line":36,"column":20},"end":{"line":36,"column":38}},"23":{"start":{"line":37,"column":8},"end":{"line":37,"column":34}}},"fnMap":{"0":{"name":"(anonymous_0)","decl":{"start":{"line":3,"column":28},"end":{"line":3,"column":29}},"loc":{"start":{"line":3,"column":59},"end":{"line":16,"column":1}},"line":3},"1":{"name":"(anonymous_1)","decl":{"start":{"line":18,"column":29},"end":{"line":18,"column":30}},"loc":{"start":{"line":18,"column":55},"end":{"line":26,"column":1}},"line":18},"2":{"name":"(anonymous_2)","decl":{"start":{"line":27,"column":32},"end":{"line":27,"column":33}},"loc":{"start":{"line":27,"column":46},"end":{"line":39,"column":1}},"line":27},"3":{"name":"(anonymous_3)","decl":{"start":{"line":28,"column":11},"end":{"line":28,"column":12}},"loc":{"start":{"line":28,"column":31},"end":{"line":38,"column":5}},"line":28},"4":{"name":"(anonymous_4)","decl":{"start":{"line":35,"column":37},"end":{"line":35,"column":38}},"loc":{"start":{"line":35,"column":44},"end":{"line":35,"column":53}},"line":35}},"branchMap":{"0":{"loc":{"start":{"line":5,"column":4},"end":{"line":8,"column":5}},"type":"if","locations":[{"start":{"line":5,"column":4},"end":{"line":8,"column":5}},{"start":{},"end":{}}],"line":5},"1":{"loc":{"start":{"line":20,"column":4},"end":{"line":23,"column":5}},"type":"if","locations":[{"start":{"line":20,"column":4},"end":{"line":23,"column":5}},{"start":{},"end":{}}],"line":20},"2":{"loc":{"start":{"line":31,"column":8},"end":{"line":33,"column":9}},"type":"if","locations":[{"start":{"line":31,"column":8},"end":{"line":33,"column":9}},{"start":{},"end":{}}],"line":31}},"s":{"0":2,"1":0,"2":0,"3":0,"4":0,"5":0,"6":2,"7":1,"8":1,"9":1,"10":1,"11":1,"12":1,"13":2,"14":2,"15":0,"16":0,"17":0,"18":0,"19":0,"20":0,"21":0,"22":0,"23":0},"f":{"0":0,"1":1,"2":2,"3":0,"4":0},"b":{"0":[0,0],"1":[1,0],"2":[0,0]},"_coverageSchema":"1a1c01bbd47fc00a2c39e90264f33305004495a9","hash":"e9c6fe9cf84ad375092c6db4eccb8d7a09cecfd2"}
,"C:\\Users\\Anas\\Downloads\\TrackYourParcel\\TrackYourParcel\\src\\models\\view-models\\index.js": {"path":"C:\\Users\\Anas\\Downloads\\TrackYourParcel\\TrackYourParcel\\src\\models\\view-models\\index.js","statementMap":{"0":{"start":{"line":3,"column":26},"end":{"line":3,"column":58}}},"fnMap":{},"branchMap":{},"s":{"0":2},"f":{},"b":{},"_coverageSchema":"1a1c01bbd47fc00a2c39e90264f33305004495a9","hash":"28406be78a61c5d91b5086fdebe4a419192b31b5"}
,"C:\\Users\\Anas\\Downloads\\TrackYourParcel\\TrackYourParcel\\src\\models\\view-models\\user-view-model.js": {"path":"C:\\Users\\Anas\\Downloads\\TrackYourParcel\\TrackYourParcel\\src\\models\\view-models\\user-view-model.js","statementMap":{"0":{"start":{"line":2,"column":15},"end":{"line":4,"column":2}},"1":{"start":{"line":5,"column":24},"end":{"line":11,"column":1}},"2":{"start":{"line":6,"column":19},"end":{"line":6,"column":40}},"3":{"start":{"line":7,"column":4},"end":{"line":7,"column":31}},"4":{"start":{"line":8,"column":4},"end":{"line":8,"column":24}},"5":{"start":{"line":9,"column":4},"end":{"line":9,"column":18}}},"fnMap":{"0":{"name":"(anonymous_0)","decl":{"start":{"line":5,"column":24},"end":{"line":5,"column":25}},"loc":{"start":{"line":5,"column":34},"end":{"line":11,"column":1}},"line":5}},"branchMap":{},"s":{"0":2,"1":2,"2":0,"3":0,"4":0,"5":0},"f":{"0":0},"b":{},"_coverageSchema":"1a1c01bbd47fc00a2c39e90264f33305004495a9","hash":"9e8b83e50057e340afedd78d75c7a05b61e9d26c"}
,"C:\\Users\\Anas\\Downloads\\TrackYourParcel\\TrackYourParcel\\src\\utils\\errors.js": {"path":"C:\\Users\\Anas\\Downloads\\TrackYourParcel\\TrackYourParcel\\src\\utils\\errors.js","statementMap":{"0":{"start":{"line":3,"column":8},"end":{"line":3,"column":16}},"1":{"start":{"line":4,"column":8},"end":{"line":4,"column":31}},"2":{"start":{"line":6,"column":16},"end":{"line":6,"column":27}},"3":{"start":{"line":11,"column":8},"end":{"line":11,"column":23}},"4":{"start":{"line":12,"column":8},"end":{"line":12,"column":33}},"5":{"start":{"line":14,"column":16},"end":{"line":14,"column":27}},"6":{"start":{"line":19,"column":8},"end":{"line":19,"column":23}},"7":{"start":{"line":20,"column":8},"end":{"line":20,"column":32}},"8":{"start":{"line":22,"column":16},"end":{"line":22,"column":27}}},"fnMap":{"0":{"name":"(anonymous_0)","decl":{"start":{"line":2,"column":4},"end":{"line":2,"column":5}},"loc":{"start":{"line":2,"column":25},"end":{"line":5,"column":5}},"line":2},"1":{"name":"(anonymous_1)","decl":{"start":{"line":6,"column":4},"end":{"line":6,"column":5}},"loc":{"start":{"line":6,"column":14},"end":{"line":6,"column":29}},"line":6},"2":{"name":"(anonymous_2)","decl":{"start":{"line":10,"column":4},"end":{"line":10,"column":5}},"loc":{"start":{"line":10,"column":25},"end":{"line":13,"column":5}},"line":10},"3":{"name":"(anonymous_3)","decl":{"start":{"line":14,"column":4},"end":{"line":14,"column":5}},"loc":{"start":{"line":14,"column":14},"end":{"line":14,"column":29}},"line":14},"4":{"name":"(anonymous_4)","decl":{"start":{"line":18,"column":4},"end":{"line":18,"column":5}},"loc":{"start":{"line":18,"column":25},"end":{"line":21,"column":5}},"line":18},"5":{"name":"(anonymous_5)","decl":{"start":{"line":22,"column":4},"end":{"line":22,"column":5}},"loc":{"start":{"line":22,"column":14},"end":{"line":22,"column":29}},"line":22}},"branchMap":{},"s":{"0":0,"1":0,"2":0,"3":0,"4":0,"5":0,"6":0,"7":0,"8":0},"f":{"0":0,"1":0,"2":0,"3":0,"4":0,"5":0},"b":{},"_coverageSchema":"1a1c01bbd47fc00a2c39e90264f33305004495a9","hash":"a5cfb7432001b93e0197d47384432ecd6d4de5d2"}
}
