TN:
SF:src\app.js
FNF:0
FNH:0
DA:4,2
DA:9,2
DA:11,2
DA:13,2
DA:15,2
DA:17,2
LF:6
LH:6
BRF:0
BRH:0
end_of_record
TN:
SF:src\controllers\index.js
FN:3,(anonymous_0)
FNF:1
FNH:1
FNDA:2,(anonymous_0)
DA:3,2
DA:5,2
LF:2
LH:2
BRF:0
BRH:0
end_of_record
TN:
SF:src\controllers\userController.js
FN:7,(anonymous_0)
FN:20,(anonymous_1)
FN:34,(anonymous_2)
FN:49,(anonymous_3)
FN:61,(anonymous_4)
FN:82,(anonymous_5)
FNF:6
FNH:2
FNDA:0,(anonymous_0)
FNDA:0,(anonymous_1)
FNDA:0,(anonymous_2)
FNDA:1,(anonymous_3)
FNDA:0,(anonymous_4)
FNDA:2,(anonymous_5)
DA:6,2
DA:7,2
DA:9,0
DA:10,0
DA:11,0
DA:14,0
DA:20,2
DA:22,0
DA:23,0
DA:24,0
DA:25,0
DA:28,0
DA:34,2
DA:35,0
DA:36,0
DA:37,0
DA:38,0
DA:41,0
DA:43,0
DA:49,2
DA:50,1
DA:51,1
DA:52,1
DA:53,1
DA:56,0
DA:61,2
DA:62,0
DA:64,0
DA:65,0
DA:66,0
DA:70,0
DA:75,2
DA:76,2
DA:77,2
DA:78,2
DA:79,2
DA:82,2
DA:84,2
LF:38
LH:17
BRF:0
BRH:0
end_of_record
TN:
SF:src\middlewares\index.js
FN:3,(anonymous_0)
FN:18,(anonymous_1)
FN:27,(anonymous_2)
FN:28,(anonymous_3)
FN:35,(anonymous_4)
FNF:5
FNH:2
FNDA:0,(anonymous_0)
FNDA:2,(anonymous_1)
FNDA:2,(anonymous_2)
FNDA:0,(anonymous_3)
FNDA:0,(anonymous_4)
DA:3,2
DA:4,0
DA:5,0
DA:6,0
DA:9,0
DA:10,0
DA:18,2
DA:19,2
DA:20,2
DA:21,2
DA:22,2
DA:24,2
DA:25,2
DA:27,2
DA:28,2
DA:29,0
DA:30,0
DA:31,0
DA:32,0
DA:34,0
DA:35,0
DA:36,0
DA:37,0
LF:23
LH:10
BRDA:5,0,0,0
BRDA:5,0,1,0
BRDA:20,1,0,2
BRDA:20,1,1,0
BRDA:31,2,0,0
BRDA:31,2,1,0
BRF:6
BRH:1
end_of_record
TN:
SF:src\models\index.js
FNF:0
FNH:0
DA:2,2
LF:1
LH:1
BRF:0
BRH:0
end_of_record
TN:
SF:src\models\user.js
FNF:0
FNH:0
DA:4,2
DA:11,2
LF:2
LH:2
BRF:0
BRH:0
end_of_record
TN:
SF:src\models\view-models\index.js
FNF:0
FNH:0
DA:3,2
LF:1
LH:1
BRF:0
BRH:0
end_of_record
TN:
SF:src\models\view-models\user-view-model.js
FN:5,(anonymous_0)
FNF:1
FNH:0
FNDA:0,(anonymous_0)
DA:2,2
DA:5,2
DA:6,0
DA:7,0
DA:8,0
DA:9,0
LF:6
LH:2
BRF:0
BRH:0
end_of_record
TN:
SF:src\utils\errors.js
FN:2,(anonymous_0)
FN:6,(anonymous_1)
FN:10,(anonymous_2)
FN:14,(anonymous_3)
FN:18,(anonymous_4)
FN:22,(anonymous_5)
FNF:6
FNH:0
FNDA:0,(anonymous_0)
FNDA:0,(anonymous_1)
FNDA:0,(anonymous_2)
FNDA:0,(anonymous_3)
FNDA:0,(anonymous_4)
FNDA:0,(anonymous_5)
DA:3,0
DA:4,0
DA:6,0
DA:11,0
DA:12,0
DA:14,0
DA:19,0
DA:20,0
DA:22,0
LF:9
LH:0
BRF:0
BRH:0
end_of_record
