TN:
SF:src\app.js
FNF:0
FNH:0
DA:4,2
DA:9,2
DA:11,2
DA:13,2
DA:15,2
DA:17,2
LF:6
LH:6
BRF:0
BRH:0
end_of_record
TN:
SF:src\controllers\index.js
FN:3,(anonymous_0)
FNF:1
FNH:1
FNDA:2,(anonymous_0)
DA:3,2
DA:5,2
LF:2
LH:2
BRF:0
BRH:0
end_of_record
TN:
SF:src\controllers\userController.js
FN:8,(anonymous_0)
FN:21,(anonymous_1)
FN:44,(anonymous_2)
FN:59,(anonymous_3)
FN:71,(anonymous_4)
FN:92,(anonymous_5)
FNF:6
FNH:3
FNDA:0,(anonymous_0)
FNDA:1,(anonymous_1)
FNDA:0,(anonymous_2)
FNDA:0,(anonymous_3)
FNDA:1,(anonymous_4)
FNDA:2,(anonymous_5)
DA:7,2
DA:8,2
DA:10,0
DA:11,0
DA:12,0
DA:15,0
DA:21,2
DA:23,1
DA:24,1
DA:25,1
DA:26,1
DA:27,0
DA:31,1
DA:32,1
DA:37,1
DA:38,1
DA:44,2
DA:45,0
DA:46,0
DA:47,0
DA:48,0
DA:51,0
DA:53,0
DA:59,2
DA:60,0
DA:61,0
DA:62,0
DA:63,0
DA:66,0
DA:71,2
DA:72,1
DA:74,1
DA:75,1
DA:76,1
DA:80,0
DA:85,2
DA:86,2
DA:87,2
DA:88,2
DA:89,2
DA:92,2
DA:94,2
LF:42
LH:25
BRDA:26,0,0,0
BRDA:26,0,1,1
BRF:2
BRH:1
end_of_record
TN:
SF:src\middlewares\index.js
FN:3,(anonymous_0)
FN:18,(anonymous_1)
FN:27,(anonymous_2)
FN:28,(anonymous_3)
FN:35,(anonymous_4)
FNF:5
FNH:3
FNDA:1,(anonymous_0)
FNDA:2,(anonymous_1)
FNDA:2,(anonymous_2)
FNDA:0,(anonymous_3)
FNDA:0,(anonymous_4)
DA:3,2
DA:4,1
DA:5,1
DA:6,1
DA:9,1
DA:10,1
DA:18,2
DA:19,2
DA:20,2
DA:21,2
DA:22,2
DA:24,2
DA:25,2
DA:27,2
DA:28,2
DA:29,0
DA:30,0
DA:31,0
DA:32,0
DA:34,0
DA:35,0
DA:36,0
DA:37,0
LF:23
LH:15
BRDA:5,0,0,1
BRDA:5,0,1,0
BRDA:20,1,0,2
BRDA:20,1,1,0
BRDA:31,2,0,0
BRDA:31,2,1,0
BRF:6
BRH:2
end_of_record
TN:
SF:src\models\index.js
FNF:0
FNH:0
DA:2,2
LF:1
LH:1
BRF:0
BRH:0
end_of_record
TN:
SF:src\models\user.js
FNF:0
FNH:0
DA:4,2
DA:11,2
LF:2
LH:2
BRF:0
BRH:0
end_of_record
TN:
SF:src\models\view-models\index.js
FNF:0
FNH:0
DA:3,2
LF:1
LH:1
BRF:0
BRH:0
end_of_record
TN:
SF:src\models\view-models\user-view-model.js
FN:5,(anonymous_0)
FNF:1
FNH:0
FNDA:0,(anonymous_0)
DA:2,2
DA:5,2
DA:6,0
DA:7,0
DA:8,0
DA:9,0
LF:6
LH:2
BRF:0
BRH:0
end_of_record
TN:
SF:src\utils\errors.js
FN:2,(anonymous_0)
FN:6,(anonymous_1)
FN:10,(anonymous_2)
FN:14,(anonymous_3)
FN:18,(anonymous_4)
FN:22,(anonymous_5)
FNF:6
FNH:3
FNDA:1,(anonymous_0)
FNDA:0,(anonymous_1)
FNDA:0,(anonymous_2)
FNDA:0,(anonymous_3)
FNDA:1,(anonymous_4)
FNDA:1,(anonymous_5)
DA:3,1
DA:4,1
DA:6,0
DA:11,0
DA:12,0
DA:14,0
DA:19,1
DA:20,1
DA:22,1
LF:9
LH:5
BRF:0
BRH:0
end_of_record
